<?xml version="1.0" encoding="UTF-8"?>
<!-- Generated by org.testng.reporters.JUnitReportReporter -->
<testsuite hostname="OIT-LOANERA-L" failures="0" tests="1" name="myway2automation.base.BaseTest" time="4.807" errors="0" timestamp="2021-11-22T12:49:13 MST" skipped="0">
  <testcase classname="myway2automation.base.BaseTest" name="setUp" time="4.807"/>
  <system-out>
    <![CDATA[Navigating to the URL
<a target ="_blank" href="C:\Users\malam\error.jpg">Screenshot></a>
<a target ="_blank" href="C:\Users\malam\error.jpg"><img src = "C:\Users\malam\error.jpg"></img></a>]]>
  </system-out>
</testsuite> <!-- myway2automation.base.BaseTest -->
