<?xml version="1.0" encoding="UTF-8"?>
<!-- Generated by org.testng.reporters.JUnitReportReporter -->
<testsuite hostname="OIT-LOANERA-L" failures="0" tests="1" name="myway2automation.base.TestBase" time="5.100" errors="0" timestamp="2021-11-20T12:46:40 MST" skipped="0">
  <testcase classname="myway2automation.base.TestBase" name="setUp" time="5.100"/>
  <system-out/>
</testsuite> <!-- myway2automation.base.TestBase -->
