<?xml version="1.0" encoding="UTF-8"?>
<!-- Generated by org.testng.reporters.JUnitReportReporter -->
<testsuite hostname="OIT-LOANERA-L" failures="0" tests="1" name="myway2automation.testcases.logintTest" time="0.002" errors="0" timestamp="2021-11-27T08:44:04 MST" skipped="0">
  <testcase classname="myway2automation.testcases.logintTest" name="doLoginTest" time="0.002"/>
  <system-out/>
</testsuite> <!-- myway2automation.testcases.logintTest -->
